-outxml
-source
1.6
-target
1.6
-classpath
C:\Users\Jochen\.m2\repository\antlr\antlr\2.7.6\antlr-2.7.6.jar;C:\Users\Jochen\.m2\repository\aopalliance\aopalliance\1.0\aopalliance-1.0.jar;C:\Users\Jochen\.m2\repository\cglib\cglib-nodep\2.2\cglib-nodep-2.2.jar;C:\Users\Jochen\.m2\repository\com\sun\faces\jsf-api\2.0.4-b09\jsf-api-2.0.4-b09.jar;C:\Users\Jochen\.m2\repository\com\sun\faces\jsf-impl\2.0.4-b09\jsf-impl-2.0.4-b09.jar;C:\Users\Jochen\.m2\repository\commons-beanutils\commons-beanutils\1.8.0\commons-beanutils-1.8.0.jar;C:\Users\Jochen\.m2\repository\commons-collections\commons-collections\3.1\commons-collections-3.1.jar;C:\Users\Jochen\.m2\repository\commons-dbcp\commons-dbcp\1.3\commons-dbcp-1.3.jar;C:\Users\Jochen\.m2\repository\commons-digester\commons-digester\2.0\commons-digester-2.0.jar;C:\Users\Jochen\.m2\repository\commons-fileupload\commons-fileupload\1.2.1\commons-fileupload-1.2.1.jar;C:\Users\Jochen\.m2\repository\commons-pool\commons-pool\1.5.4\commons-pool-1.5.4.jar;C:\Users\Jochen\.m2\repository\dom4j\dom4j\1.6.1\dom4j-1.6.1.jar;C:\Users\Jochen\.m2\repository\javassist\javassist\3.12.0.GA\javassist-3.12.0.GA.jar;C:\Users\Jochen\.m2\repository\javax\el\el-api\1.0\el-api-1.0.jar;C:\Users\Jochen\.m2\repository\javax\servlet\jstl\1.2\jstl-1.2.jar;C:\Users\Jochen\.m2\repository\javax\servlet\servlet-api\2.5\servlet-api-2.5.jar;C:\Users\Jochen\.m2\repository\javax\servlet\jsp\jsp-api\2.1\jsp-api-2.1.jar;C:\Users\Jochen\.m2\repository\javax\transaction\jta\1.1\jta-1.1.jar;C:\Users\Jochen\.m2\repository\javax\validation\validation-api\1.0.0.GA\validation-api-1.0.0.GA.jar;C:\Users\Jochen\.m2\repository\joda-time\joda-time\1.6\joda-time-1.6.jar;C:\Users\Jochen\.m2\repository\log4j\log4j\1.2.16\log4j-1.2.16.jar;C:\Users\Jochen\.m2\repository\net\sf\flexjson\flexjson\2.1\flexjson-2.1.jar;C:\Users\Jochen\.m2\repository\org\apache\commons\commons-io\1.3.2\commons-io-1.3.2.jar;C:\Users\Jochen\.m2\repository\org\apache\tiles\tiles-api\2.2.1\tiles-api-2.2.1.jar;C:\Users\Jochen\.m2\repository\org\apache\tiles\tiles-core\2.2.1\tiles-core-2.2.1.jar;C:\Users\Jochen\.m2\repository\org\apache\tiles\tiles-jsp\2.2.1\tiles-jsp-2.2.1.jar;C:\Users\Jochen\.m2\repository\org\apache\tiles\tiles-servlet\2.2.1\tiles-servlet-2.2.1.jar;C:\Users\Jochen\.m2\repository\org\apache\tiles\tiles-template\2.2.1\tiles-template-2.2.1.jar;C:\Users\Jochen\.m2\repository\org\aspectj\aspectjrt\1.6.11.M2\aspectjrt-1.6.11.M2.jar;C:\Users\Jochen\.m2\repository\org\aspectj\aspectjweaver\1.6.11.M2\aspectjweaver-1.6.11.M2.jar;C:\Users\Jochen\.m2\repository\org\hibernate\hibernate-commons-annotations\3.2.0.Final\hibernate-commons-annotations-3.2.0.Final.jar;C:\Users\Jochen\.m2\repository\org\hibernate\hibernate-core\3.6.1.Final\hibernate-core-3.6.1.Final.jar;C:\Users\Jochen\.m2\repository\org\hibernate\hibernate-entitymanager\3.6.1.Final\hibernate-entitymanager-3.6.1.Final.jar;C:\Users\Jochen\.m2\repository\org\hibernate\hibernate-validator\4.1.0.Final\hibernate-validator-4.1.0.Final.jar;C:\Users\Jochen\.m2\repository\org\hibernate\javax\persistence\hibernate-jpa-2.0-api\1.0.0.Final\hibernate-jpa-2.0-api-1.0.0.Final.jar;C:\Users\Jochen\.m2\repository\org\hsqldb\hsqldb\1.8.0.10\hsqldb-1.8.0.10.jar;C:\Users\Jochen\.m2\repository\org\slf4j\jcl-over-slf4j\1.6.1\jcl-over-slf4j-1.6.1.jar;C:\Users\Jochen\.m2\repository\org\slf4j\slf4j-api\1.6.1\slf4j-api-1.6.1.jar;C:\Users\Jochen\.m2\repository\org\slf4j\slf4j-log4j12\1.6.1\slf4j-log4j12-1.6.1.jar;C:\Users\Jochen\.m2\repository\org\springframework\spring-aop\3.0.5.RELEASE\spring-aop-3.0.5.RELEASE.jar;C:\Users\Jochen\.m2\repository\org\springframework\spring-asm\3.0.5.RELEASE\spring-asm-3.0.5.RELEASE.jar;C:\Users\Jochen\.m2\repository\org\springframework\spring-aspects\3.0.5.RELEASE\spring-aspects-3.0.5.RELEASE.jar;C:\Users\Jochen\.m2\repository\org\springframework\spring-beans\3.0.5.RELEASE\spring-beans-3.0.5.RELEASE.jar;C:\Users\Jochen\.m2\repository\org\springframework\spring-context\3.0.5.RELEASE\spring-context-3.0.5.RELEASE.jar;C:\Users\Jochen\.m2\repository\org\springframework\spring-context-support\3.0.5.RELEASE\spring-context-support-3.0.5.RELEASE.jar;C:\Users\Jochen\.m2\repository\org\springframework\spring-core\3.0.5.RELEASE\spring-core-3.0.5.RELEASE.jar;C:\Users\Jochen\.m2\repository\org\springframework\spring-expression\3.0.5.RELEASE\spring-expression-3.0.5.RELEASE.jar;C:\Users\Jochen\.m2\repository\org\springframework\spring-jdbc\3.0.5.RELEASE\spring-jdbc-3.0.5.RELEASE.jar;C:\Users\Jochen\.m2\repository\org\springframework\spring-orm\3.0.5.RELEASE\spring-orm-3.0.5.RELEASE.jar;C:\Users\Jochen\.m2\repository\org\springframework\spring-tx\3.0.5.RELEASE\spring-tx-3.0.5.RELEASE.jar;C:\Users\Jochen\.m2\repository\org\springframework\spring-web\3.0.5.RELEASE\spring-web-3.0.5.RELEASE.jar;C:\Users\Jochen\.m2\repository\org\springframework\spring-webmvc\3.0.5.RELEASE\spring-webmvc-3.0.5.RELEASE.jar;C:\Users\Jochen\.m2\repository\org\springframework\roo\org.springframework.roo.annotations\1.1.2.RELEASE\org.springframework.roo.annotations-1.1.2.RELEASE.jar;C:\Users\Jochen\.m2\repository\org\springframework\security\spring-security-acl\3.0.5.RELEASE\spring-security-acl-3.0.5.RELEASE.jar;C:\Users\Jochen\.m2\repository\org\springframework\security\spring-security-config\3.0.5.RELEASE\spring-security-config-3.0.5.RELEASE.jar;C:\Users\Jochen\.m2\repository\org\springframework\security\spring-security-core\3.0.5.RELEASE\spring-security-core-3.0.5.RELEASE.jar;C:\Users\Jochen\.m2\repository\org\springframework\security\spring-security-taglibs\3.0.5.RELEASE\spring-security-taglibs-3.0.5.RELEASE.jar;C:\Users\Jochen\.m2\repository\org\springframework\security\spring-security-web\3.0.5.RELEASE\spring-security-web-3.0.5.RELEASE.jar;C:\Users\Jochen\.m2\repository\org\springframework\webflow\spring-js-resources\2.2.1.RELEASE\spring-js-resources-2.2.1.RELEASE.jar;D:\Dev\Workspace\Current\prefabsoft.com\target\classes
-aspectpath
C:\Users\Jochen\.m2\repository\org\springframework\spring-aspects\3.0.5.RELEASE\spring-aspects-3.0.5.RELEASE.jar
-d
D:\Dev\Workspace\Current\prefabsoft.com\target\classes
D:\Dev\Workspace\Current\prefabsoft.com\src\main\java\com\prefabsoft\security\acl\model\PrefabAclObjectIdentity_Roo_JavaBean.aj
D:\Dev\Workspace\Current\prefabsoft.com\src\main\java\com\prefabsoft\security\acl\model\PrefabAclObjectIdentity_Roo_Entity.aj
D:\Dev\Workspace\Current\prefabsoft.com\src\main\java\com\prefabsoft\security\model\PrefabUser.java
D:\Dev\Workspace\Current\prefabsoft.com\src\main\java\com\prefabsoft\security\acl\model\PrefabAclEntry_Roo_JavaBean.aj
D:\Dev\Workspace\Current\prefabsoft.com\src\main\java\com\prefabsoft\model\PrefabResource_Roo_Configurable.aj
D:\Dev\Workspace\Current\prefabsoft.com\src\main\java\com\prefabsoft\security\acl\model\PrefabAclEntry_Roo_Entity.aj
D:\Dev\Workspace\Current\prefabsoft.com\src\main\java\com\prefabsoft\security\acl\model\PrefabAclObjectIdentity_Roo_ToString.aj
D:\Dev\Workspace\Current\prefabsoft.com\src\main\java\com\prefabsoft\model\PrefabResource_Roo_Finder.aj
D:\Dev\Workspace\Current\prefabsoft.com\src\main\java\com\prefabsoft\security\acl\web\PrefabAclObjectIdentityController_Roo_Controller.aj
D:\Dev\Workspace\Current\prefabsoft.com\src\main\java\com\prefabsoft\security\acl\model\PrefabAclClass_Roo_Configurable.aj
D:\Dev\Workspace\Current\prefabsoft.com\src\main\java\com\prefabsoft\security\acl\model\PrefabAclSid_Roo_Entity.aj
D:\Dev\Workspace\Current\prefabsoft.com\src\main\java\com\prefabsoft\security\acl\model\PrefabAclObjectIdentity.java
D:\Dev\Workspace\Current\prefabsoft.com\src\main\java\com\prefabsoft\security\model\PrefabUser_Roo_JavaBean.aj
D:\Dev\Workspace\Current\prefabsoft.com\src\main\java\com\prefabsoft\security\acl\model\PrefabAclClass.java
D:\Dev\Workspace\Current\prefabsoft.com\src\main\java\com\prefabsoft\security\acl\model\PrefabAclSid_Roo_ToString.aj
D:\Dev\Workspace\Current\prefabsoft.com\src\main\java\com\prefabsoft\security\model\PrefabUser_Roo_Configurable.aj
D:\Dev\Workspace\Current\prefabsoft.com\src\main\java\com\prefabsoft\security\model\PrefabAuthority_Roo_ToString.aj
D:\Dev\Workspace\Current\prefabsoft.com\src\main\java\com\prefabsoft\security\service\PrefabUserDetailsService.java
D:\Dev\Workspace\Current\prefabsoft.com\src\main\java\com\prefabsoft\security\acl\model\PrefabAclObjectIdentity_Roo_Configurable.aj
D:\Dev\Workspace\Current\prefabsoft.com\src\main\java\com\prefabsoft\model\PrefabResource.java
D:\Dev\Workspace\Current\prefabsoft.com\src\main\java\com\prefabsoft\security\model\PrefabAuthority_Roo_Configurable.aj
D:\Dev\Workspace\Current\prefabsoft.com\src\main\java\com\prefabsoft\security\model\PrefabAuthority_Roo_Entity.aj
D:\Dev\Workspace\Current\prefabsoft.com\src\main\java\com\prefabsoft\spring\view\ResourceView.java
D:\Dev\Workspace\Current\prefabsoft.com\src\main\java\com\prefabsoft\security\acl\model\PrefabAclSid.java
D:\Dev\Workspace\Current\prefabsoft.com\src\main\java\com\prefabsoft\security\acl\model\PrefabAclClass_Roo_ToString.aj
D:\Dev\Workspace\Current\prefabsoft.com\src\main\java\com\prefabsoft\security\acl\model\PrefabAclClass_Roo_JavaBean.aj
D:\Dev\Workspace\Current\prefabsoft.com\src\main\java\com\prefabsoft\security\acl\web\ApplicationConversionServiceFactoryBean_Roo_ConversionService.aj
D:\Dev\Workspace\Current\prefabsoft.com\src\main\java\com\prefabsoft\spring\view\ImageView.java
D:\Dev\Workspace\Current\prefabsoft.com\src\main\java\com\prefabsoft\security\acl\model\PrefabAclSid_Roo_Configurable.aj
D:\Dev\Workspace\Current\prefabsoft.com\src\main\java\com\prefabsoft\security\acl\model\PrefabAclEntry_Roo_Configurable.aj
D:\Dev\Workspace\Current\prefabsoft.com\src\main\java\com\prefabsoft\security\acl\web\PrefabAclClassController.java
D:\Dev\Workspace\Current\prefabsoft.com\src\main\java\com\prefabsoft\security\model\PrefabAuthority.java
D:\Dev\Workspace\Current\prefabsoft.com\src\main\java\com\prefabsoft\security\acl\model\PrefabAclEntry.java
D:\Dev\Workspace\Current\prefabsoft.com\src\main\java\com\prefabsoft\security\acl\model\PrefabAclClass_Roo_Entity.aj
D:\Dev\Workspace\Current\prefabsoft.com\src\main\java\com\prefabsoft\servlet\PluploadServlet.java
D:\Dev\Workspace\Current\prefabsoft.com\src\main\java\com\prefabsoft\security\model\PrefabUser_Roo_Entity.aj
D:\Dev\Workspace\Current\prefabsoft.com\src\main\java\com\prefabsoft\security\acl\web\PrefabAclSidController.java
D:\Dev\Workspace\Current\prefabsoft.com\src\main\java\com\prefabsoft\model\PrefabResource_Roo_JavaBean.aj
D:\Dev\Workspace\Current\prefabsoft.com\src\main\java\com\prefabsoft\security\model\PrefabUser_Roo_ToString.aj
D:\Dev\Workspace\Current\prefabsoft.com\src\main\java\com\prefabsoft\model\PrefabResource_Roo_Entity.aj
D:\Dev\Workspace\Current\prefabsoft.com\src\main\java\com\prefabsoft\security\acl\web\PrefabAclObjectIdentityController.java
D:\Dev\Workspace\Current\prefabsoft.com\src\main\java\com\prefabsoft\security\acl\web\PrefabAclEntryController_Roo_Controller.aj
D:\Dev\Workspace\Current\prefabsoft.com\src\main\java\com\prefabsoft\security\acl\web\PrefabAclClassController_Roo_Controller.aj
D:\Dev\Workspace\Current\prefabsoft.com\src\main\java\com\prefabsoft\security\acl\model\PrefabAclEntry_Roo_ToString.aj
D:\Dev\Workspace\Current\prefabsoft.com\src\main\java\com\prefabsoft\security\acl\web\PrefabAclEntryController.java
D:\Dev\Workspace\Current\prefabsoft.com\src\main\java\com\prefabsoft\security\acl\web\ApplicationConversionServiceFactoryBean.java
D:\Dev\Workspace\Current\prefabsoft.com\src\main\java\com\prefabsoft\security\acl\web\PrefabAclSidController_Roo_Controller.aj
D:\Dev\Workspace\Current\prefabsoft.com\src\main\java\com\prefabsoft\security\acl\model\PrefabAclSid_Roo_JavaBean.aj
D:\Dev\Workspace\Current\prefabsoft.com\src\main\java\com\prefabsoft\security\model\PrefabAuthority_Roo_JavaBean.aj
